#
# A fatal error has been detected by the Java Runtime Environment:
#
#  Internal Error (javaClasses.cpp:127), pid=9432, tid=9812
#  fatal error: Invalid layout of preloaded class
#
# JRE version:  (8.0_51-b16) (build )
# Java VM: Java HotSpot(TM) 64-Bit Server VM (25.51-b03 mixed mode windows-amd64 compressed oops)
# Failed to write core dump. Minidumps are not enabled by default on client versions of Windows
#
# If you would like to submit a bug report, please visit:
#   http://bugreport.java.com/bugreport/crash.jsp
#

---------------  T H R E A D  ---------------

Current thread (0x00000000022bf000):  JavaThread "Unknown thread" [_thread_in_vm, id=9812, stack(0x00000000025b0000,0x00000000026b0000)]

Stack: [0x00000000025b0000,0x00000000026b0000]
Native frames: (J=compiled Java code, j=interpreted, Vv=VM code, C=native code)
V  [jvm.dll+0x32b4ca]
V  [jvm.dll+0x2797e3]
V  [jvm.dll+0x27a479]
V  [jvm.dll+0x2716e6]
V  [jvm.dll+0x67fc3]
V  [jvm.dll+0x680b3]
V  [jvm.dll+0x7d6da]
V  [jvm.dll+0x7da46]
V  [jvm.dll+0xf2087]
V  [jvm.dll+0xf2416]
V  [jvm.dll+0x20f077]
V  [jvm.dll+0x240d2a]
V  [jvm.dll+0x15b9a1]
C  [javaw.exe+0x217e]
C  [javaw.exe+0xcd37]
C  [javaw.exe+0xcdcb]
C  [kernel32.dll+0x159cd]
C  [ntdll.dll+0x2b891]


---------------  P R O C E S S  ---------------

Java Threads: ( => current thread )

Other Threads:

=>0x00000000022bf000 (exited) JavaThread "Unknown thread" [_thread_in_vm, id=9812, stack(0x00000000025b0000,0x00000000026b0000)]

VM state:not at safepoint (not fully initialized)

VM Mutex/Monitor currently owned by a thread: None

GC Heap History (0 events):
No events

Deoptimization events (0 events):
No events

Internal exceptions (0 events):
No events

Events (10 events):
Event: 0.013 loading class java/lang/CharSequence done
Event: 0.013 loading class java/lang/String done
Event: 0.013 loading class java/lang/Class
Event: 0.013 loading class java/lang/reflect/AnnotatedElement
Event: 0.013 loading class java/lang/reflect/AnnotatedElement done
Event: 0.013 loading class java/lang/reflect/GenericDeclaration
Event: 0.013 loading class java/lang/reflect/GenericDeclaration done
Event: 0.013 loading class java/lang/reflect/Type
Event: 0.013 loading class java/lang/reflect/Type done
Event: 0.013 loading class java/lang/Class done


Dynamic libraries:
0x000000013f7b0000 - 0x000000013f7e7000 	D:\ProgramFiles\Java\jdk1.8.0_51\bin\javaw.exe
0x0000000077960000 - 0x0000000077b08000 	C:\Windows\SYSTEM32\ntdll.dll
0x0000000077740000 - 0x000000007785f000 	C:\Windows\system32\kernel32.dll
0x000007fefdbe0000 - 0x000007fefdc4c000 	C:\Windows\system32\KERNELBASE.dll
0x000007feff400000 - 0x000007feff4db000 	C:\Windows\system32\ADVAPI32.dll
0x000007fefee30000 - 0x000007fefeecf000 	C:\Windows\system32\msvcrt.dll
0x000007feff3e0000 - 0x000007feff3ff000 	C:\Windows\SYSTEM32\sechost.dll
0x000007feff6c0000 - 0x000007feff7ed000 	C:\Windows\system32\RPCRT4.dll
0x0000000077860000 - 0x000000007795a000 	C:\Windows\system32\USER32.dll
0x000007feffc00000 - 0x000007feffc67000 	C:\Windows\system32\GDI32.dll
0x000007fefea20000 - 0x000007fefea2e000 	C:\Windows\system32\LPK.dll
0x000007feff300000 - 0x000007feff3c9000 	C:\Windows\system32\USP10.dll
0x000007fefc2c0000 - 0x000007fefc4b4000 	C:\Windows\WinSxS\amd64_microsoft.windows.common-controls_6595b64144ccf1df_6.0.7601.18837_none_fa3b1e3d17594757\COMCTL32.dll
0x000007fefef50000 - 0x000007fefefc1000 	C:\Windows\system32\SHLWAPI.dll
0x000007feff230000 - 0x000007feff25e000 	C:\Windows\system32\IMM32.DLL
0x000007feffaf0000 - 0x000007feffbf9000 	C:\Windows\system32\MSCTF.dll
0x000007fefd810000 - 0x000007fefd856000 	C:\Windows\system32\nvinitx.dll
0x0000000063e40000 - 0x0000000063f12000 	D:\ProgramFiles\Java\jdk1.8.0_51\jre\bin\msvcr100.dll
0x0000000066d10000 - 0x0000000067593000 	D:\ProgramFiles\Java\jdk1.8.0_51\jre\bin\server\jvm.dll
0x000007fef8300000 - 0x000007fef8309000 	C:\Windows\system32\WSOCK32.dll
0x000007fefefd0000 - 0x000007feff01d000 	C:\Windows\system32\WS2_32.dll
0x000007feff3d0000 - 0x000007feff3d8000 	C:\Windows\system32\NSI.dll
0x000007fefafb0000 - 0x000007fefafeb000 	C:\Windows\system32\WINMM.dll
0x000007fefc950000 - 0x000007fefc95c000 	C:\Windows\system32\VERSION.dll
0x0000000077b20000 - 0x0000000077b27000 	C:\Windows\system32\PSAPI.DLL
0x000000006c240000 - 0x000000006c24f000 	D:\ProgramFiles\Java\jdk1.8.0_51\jre\bin\verify.dll
0x0000000068290000 - 0x00000000682b9000 	D:\ProgramFiles\Java\jdk1.8.0_51\jre\bin\java.dll
0x0000000067ff0000 - 0x0000000068006000 	D:\ProgramFiles\Java\jdk1.8.0_51\jre\bin\zip.dll
0x000007feeed50000 - 0x000007feeee75000 	C:\Windows\system32\dbghelp.dll

VM Arguments:
jvm_args: -Dfile.encoding=GBK -Xbootclasspath:D:\ProgramFiles\Android\android-sdk\platforms\android-21\android.jar 
java_command: com.ponline.oo.util.MD5Utils
java_class_path (initial): D:\KjunChen\Workspace\eeprom_2\eeprom\libs\android-support-v4.jar;D:\KjunChen\Workspace\BJ\appcompat_v7\libs\android-support-v7-appcompat.jar;D:\KjunChen\Workspace\BJ\appcompat_v7\bin\appcompat_v7.jar;D:\KjunChen\Workspace\eeprom_2\eeprom\bin\classes
Launcher Type: SUN_STANDARD

Environment Variables:
JAVA_HOME=D:\ProgramFiles\Java\jdk1.8.0_51
CLASSPATH=.;D:\ProgramFiles\Java\jdk1.8.0_51\lib;
PATH=D:/ProgramFiles/Java/jdk1.8.0_51/bin/../jre/bin/server;D:/ProgramFiles/Java/jdk1.8.0_51/bin/../jre/bin;D:/ProgramFiles/Java/jdk1.8.0_51/bin/../jre/lib/amd64;D:\ProgramFiles\Android\android-sdk\tools;D:\ProgramFiles\Android\android-sdk\platform-tools;D:\ProgramFiles\Android\android-sdk\build-tools;D:\ProgramFiles\Java\jdk1.8.0_51\bin;C:\ProgramData\Oracle\Java\javapath;C:\Program Files (x86)\NVIDIA Corporation\PhysX\Common;C:\Windows\system32;C:\Windows;C:\Windows\System32\Wbem;C:\Windows\System32\WindowsPowerShell\v1.0\;C:\Program Files (x86)\ATI Technologies\ATI.ACE\Core-Static;D:\ProgramFiles\Android\android-ndk-r10e;C:\VXIPNP\WinNT\Bin;.;;.;;.;;D:\ProgramFiles\Java\eclipse;;.;
USERNAME=Administrator
OS=Windows_NT
PROCESSOR_IDENTIFIER=Intel64 Family 6 Model 60 Stepping 3, GenuineIntel



---------------  S Y S T E M  ---------------

OS: Windows 7 , 64 bit Build 7601 (6.1.7601.18847)

CPU:total 4 (2 cores per cpu, 2 threads per core) family 6 model 60 stepping 3, cmov, cx8, fxsr, mmx, sse, sse2, sse3, ssse3, sse4.1, sse4.2, popcnt, avx, avx2, aes, clmul, erms, lzcnt, ht, tsc, tscinvbit, bmi1, bmi2

Memory: 4k page, physical 8258052k(4097264k free), swap 16514252k(11704980k free)

vm_info: Java HotSpot(TM) 64-Bit Server VM (25.51-b03) for windows-amd64 JRE (1.8.0_51-b16), built on Jun  8 2015 18:03:07 by "java_re" with MS VC++ 10.0 (VS2010)

time: Fri Aug 21 10:38:58 2015
elapsed time: 0 seconds (0d 0h 0m 0s)

